Starting payment batch @ Tue Jul 09 2019 00:00:03 GMT+0000 (UTC)
 
Found the following miner statistics: 
 
Miner Address:                             	Earned    	Paid      	Owed
0x46c0e2deac825313868cf6d44642d382a73d0619	1.0035275	1.0035275	0
0x70b0db245239ce225d6c2193f4b2c301f4cda438	40.7249595	40.7249595	0
0xa8b8ea4c083890833f24817b4657888431486444	18.68848717	18.68848717	0
0x43725bcf72bbbdd9f2b206c4d5320e2aade16934	636.54734586	461.54734586	175
0xa9821d2192c5910202e33b11d5e47e7d97674391	144.40028591	144.40028591	0
0x5d25d23964d93a200315b9b50dfbab2091217c31	46.30062333	46.30062333	0
0xd009cd47e20908ebbf15d275ee87108cf726e421	192.33026931	192.33026931	0
0x9172ff7884cefed19327adace9c470ef1796105c	0	0	0
 
Creating transaction for qualifying miners.
 
Building Transaction...
Token Address:		0x26946ada5ecb57f3a1f91605050ce45c482c9eb1
From Address:		0xb3aAbF107065817FC4e5C57d2b7cE304E0FE4De7
Multisend Address:	0x5c52ee4cde4604c4df27ca283b90f9e722e875db
Payment ID:		0xa7abe02fc0a8cade1ab8ac02cdcbf71a3d42346a78a9aab786157529fa8947b2
Nonce: 			457
Queued Payments:
0x43725bcf72bbbdd9f2b206c4d5320e2aade16934, 175 BSOV
 
TX Data:  0x206ec7a100000000000000000000000026946ada5ecb57f3a1f91605050ce45c482c9eb1a7abe02fc0a8cade1ab8ac02cdcbf71a3d42346a78a9aab786157529fa8947b2000000000000000000000000000000000000000000000000000000000000008000000000000000000000000000000000000000000000000000000000000000c0000000000000000000000000000000000000000000000000000000000000000100000000000000000000000043725bcf72bbbdd9f2b206c4d5320e2aade169340000000000000000000000000000000000000000000000000000000000000001000000000000000000000000000000000000000000000000000000041314cf00
 
TX Options:  { nonce: '0x1c9',
  gas: '0x1a02b0',
  gasPrice: '0xb2d05e00',
  value: 0,
  to: '0x5c52ee4cde4604c4df27ca283b90f9e722e875db',
  from: '0xb3aAbF107065817FC4e5C57d2b7cE304E0FE4De7',
  data: '0x206ec7a100000000000000000000000026946ada5ecb57f3a1f91605050ce45c482c9eb1a7abe02fc0a8cade1ab8ac02cdcbf71a3d42346a78a9aab786157529fa8947b2000000000000000000000000000000000000000000000000000000000000008000000000000000000000000000000000000000000000000000000000000000c0000000000000000000000000000000000000000000000000000000000000000100000000000000000000000043725bcf72bbbdd9f2b206c4d5320e2aade169340000000000000000000000000000000000000000000000000000000000000001000000000000000000000000000000000000000000000000000000041314cf00' }
 
Transaction Built, Signing & Broadcasting Now
 
Payment Sent!
Tx Hash: 0xef7822e4d0869eca23ed063ba1651d091c1213161f913f86cb59060097e16606
 
Link: https://etherscan.io/tx/0xef7822e4d0869eca23ed063ba1651d091c1213161f913f86cb59060097e16606
Paid: 0x43725bcf72bbbdd9f2b206c4d5320e2aade16934, Value: 175 BSOV, Miner Total: 636.54734586 BSOV
