Starting payment batch @ Mon Jul 08 2019 17:50:54 GMT+0000 (UTC)
 
Found the following miner statistics: 
 
Miner Address:                             	Earned    	Paid      	Owed
0x70b0db245239ce225d6c2193f4b2c301f4cda438	575132204	0	575132204
0xa8b8ea4c083890833f24817b4657888431486444	0	0	0
0xa9821d2192c5910202e33b11d5e47e7d97674391	11552650933	7626871572	3925779361
0x5d25d23964d93a200315b9b50dfbab2091217c31	4630062333	4630062333	0
0xd009cd47e20908ebbf15d275ee87108cf726e421	19233026931	3743066091	15489960840
 
Creating transaction for qualifying miners.
 
Building Transaction...
Token Address:		0x26946ada5ecb57f3a1f91605050ce45c482c9eb1
From Address:		0xb3aAbF107065817FC4e5C57d2b7cE304E0FE4De7
Multisend Address:	0x5c52ee4cde4604c4df27ca283b90f9e722e875db
Payment ID:		0x391a05f2c4ddf08f006191bea561bd641c0b59d87c3324796434b4a8573f1f4f
Nonce: 			422
Queued Payments:
0x70b0db245239ce225d6c2193f4b2c301f4cda438, 575132204 BSOV
0xa9821d2192c5910202e33b11d5e47e7d97674391, 3925779361 BSOV
0xd009cd47e20908ebbf15d275ee87108cf726e421, 15489960840 BSOV
 
TX Data:  0x206ec7a100000000000000000000000026946ada5ecb57f3a1f91605050ce45c482c9eb1391a05f2c4ddf08f006191bea561bd641c0b59d87c3324796434b4a8573f1f4f00000000000000000000000000000000000000000000000000000000000000800000000000000000000000000000000000000000000000000000000000000100000000000000000000000000000000000000000000000000000000000000000300000000000000000000000070b0db245239ce225d6c2193f4b2c301f4cda438000000000000000000000000a9821d2192c5910202e33b11d5e47e7d97674391000000000000000000000000d009cd47e20908ebbf15d275ee87108cf726e4210000000000000000000000000000000000000000000000000000000000000003000000000000000000000000000000000000000000000000000000002247d22c00000000000000000000000000000000000000000000000000000000e9fea3a1000000000000000000000000000000000000000000000000000000039b460b88
 
TX Options:  { nonce: '0x1a6',
  gas: '0x1a02b0',
  gasPrice: '0xb2d05e00',
  value: 0,
  to: '0x5c52ee4cde4604c4df27ca283b90f9e722e875db',
  from: '0xb3aAbF107065817FC4e5C57d2b7cE304E0FE4De7',
  data: '0x206ec7a100000000000000000000000026946ada5ecb57f3a1f91605050ce45c482c9eb1391a05f2c4ddf08f006191bea561bd641c0b59d87c3324796434b4a8573f1f4f00000000000000000000000000000000000000000000000000000000000000800000000000000000000000000000000000000000000000000000000000000100000000000000000000000000000000000000000000000000000000000000000300000000000000000000000070b0db245239ce225d6c2193f4b2c301f4cda438000000000000000000000000a9821d2192c5910202e33b11d5e47e7d97674391000000000000000000000000d009cd47e20908ebbf15d275ee87108cf726e4210000000000000000000000000000000000000000000000000000000000000003000000000000000000000000000000000000000000000000000000002247d22c00000000000000000000000000000000000000000000000000000000e9fea3a1000000000000000000000000000000000000000000000000000000039b460b88' }
 
Transaction Built, Signing & Broadcasting Now
 
Payment Sent! Tx Hash: 0x0d3344aad481aee9042b62728a5b3d5504e455cc6eeca45d90d865ccb088aa8c
Paid: 0x70b0db245239ce225d6c2193f4b2c301f4cda438 -- 575132204 BSOV -- All Time: 575132204 -- Updating Redis
Paid: 0xa9821d2192c5910202e33b11d5e47e7d97674391 -- 3925779361 BSOV -- All Time: 11552650933 -- Updating Redis
Paid: 0xd009cd47e20908ebbf15d275ee87108cf726e421 -- 15489960840 BSOV -- All Time: 19233026931 -- Updating Redis
