Starting payment batch @ Mon Jul 08 2019 17:38:05 GMT+0000 (UTC)
 
Found the following miner statistics: 
 
Miner Address:                             	Earned    	Paid      	Owed
0x5d25d23964d93a200315b9b50dfbab2091217c31	4630062333	2573237118	2056825215
0xd009cd47e20908ebbf15d275ee87108cf726e421	3743066091	3579760746	163305345
0xa9821d2192c5910202e33b11d5e47e7d97674391	7626871572	1847002133	5779869439
 
Creating transaction for qualifying miners.
 
Building Transaction...
Token Address:		0x26946ada5ecb57f3a1f91605050ce45c482c9eb1
From Address:		0xb3aAbF107065817FC4e5C57d2b7cE304E0FE4De7
Multisend Address:	0x5c52ee4cde4604c4df27ca283b90f9e722e875db
Payment ID:		0x8d02a5766f5ea432faaf97cec2ecc3e06f4ac5b08d4c8e9918efe73ef6dc0b0b
Nonce: 			414
Queued Payments:
0x5d25d23964d93a200315b9b50dfbab2091217c31, 2056825215 BSOV
0xd009cd47e20908ebbf15d275ee87108cf726e421, 163305345 BSOV
0xa9821d2192c5910202e33b11d5e47e7d97674391, 5779869439 BSOV
 
TX Data:  0x206ec7a100000000000000000000000026946ada5ecb57f3a1f91605050ce45c482c9eb18d02a5766f5ea432faaf97cec2ecc3e06f4ac5b08d4c8e9918efe73ef6dc0b0b0000000000000000000000000000000000000000000000000000000000000080000000000000000000000000000000000000000000000000000000000000010000000000000000000000000000000000000000000000000000000000000000030000000000000000000000005d25d23964d93a200315b9b50dfbab2091217c31000000000000000000000000d009cd47e20908ebbf15d275ee87108cf726e421000000000000000000000000a9821d2192c5910202e33b11d5e47e7d976743910000000000000000000000000000000000000000000000000000000000000003000000000000000000000000000000000000000000000000000000007a98a97f0000000000000000000000000000000000000000000000000000000009bbd781000000000000000000000000000000000000000000000000000000015881ceff
 
TX Options:  { nonce: '0x19e',
  gas: '0x1a02b0',
  gasPrice: '0xb2d05e00',
  value: 0,
  to: '0x5c52ee4cde4604c4df27ca283b90f9e722e875db',
  from: '0xb3aAbF107065817FC4e5C57d2b7cE304E0FE4De7',
  data: '0x206ec7a100000000000000000000000026946ada5ecb57f3a1f91605050ce45c482c9eb18d02a5766f5ea432faaf97cec2ecc3e06f4ac5b08d4c8e9918efe73ef6dc0b0b0000000000000000000000000000000000000000000000000000000000000080000000000000000000000000000000000000000000000000000000000000010000000000000000000000000000000000000000000000000000000000000000030000000000000000000000005d25d23964d93a200315b9b50dfbab2091217c31000000000000000000000000d009cd47e20908ebbf15d275ee87108cf726e421000000000000000000000000a9821d2192c5910202e33b11d5e47e7d976743910000000000000000000000000000000000000000000000000000000000000003000000000000000000000000000000000000000000000000000000007a98a97f0000000000000000000000000000000000000000000000000000000009bbd781000000000000000000000000000000000000000000000000000000015881ceff' }
 
Transaction Built, Signing & Broadcasting Now
 
Payment Sent! Tx Hash: 0x818e48b49897e9a3b9196c294e0757fbff94bf6361a7422409868f00794cf0b5
Paid: 0x5d25d23964d93a200315b9b50dfbab2091217c31 -- 2056825215 BSOV -- All Time: 4630062333 -- Updating Redis
Paid: 0xd009cd47e20908ebbf15d275ee87108cf726e421 -- 163305345 BSOV -- All Time: 3743066091 -- Updating Redis
Paid: 0xa9821d2192c5910202e33b11d5e47e7d97674391 -- 5779869439 BSOV -- All Time: 7626871572 -- Updating Redis
