Starting payment batch @ Tue Jul 09 2019 01:00:02 GMT+0000 (UTC)
 
Found the following miner statistics: 
 
Miner Address:                             	Earned    	Paid      	Owed
0x46c0e2deac825313868cf6d44642d382a73d0619	23.99802514	1.0035275	22.99449764
0x70b0db245239ce225d6c2193f4b2c301f4cda438	40.7249595	40.7249595	0
0xa8b8ea4c083890833f24817b4657888431486444	22.52031377	18.68848717	3.8318266
0x43725bcf72bbbdd9f2b206c4d5320e2aade16934	783.08920467	636.54734586	146.54185881
0xa9821d2192c5910202e33b11d5e47e7d97674391	144.40028591	144.40028591	0
0x5d25d23964d93a200315b9b50dfbab2091217c31	46.30062333	46.30062333	0
0xd009cd47e20908ebbf15d275ee87108cf726e421	192.33026931	192.33026931	0
0x9172ff7884cefed19327adace9c470ef1796105c	1.63631813	0	1.63631813
 
Creating transaction for qualifying miners.
 
Building Transaction...
Token Address:		0x26946ada5ecb57f3a1f91605050ce45c482c9eb1
From Address:		0xb3aAbF107065817FC4e5C57d2b7cE304E0FE4De7
Multisend Address:	0x5c52ee4cde4604c4df27ca283b90f9e722e875db
Payment ID:		0x3def258afff72971cc326c93ecf27d0552b2d21fede1db3605a576f51821fd43
Nonce: 			469
Queued Payments:
0x46c0e2deac825313868cf6d44642d382a73d0619, 22.99449764 BSOV
0xa8b8ea4c083890833f24817b4657888431486444, 3.8318266 BSOV
0x43725bcf72bbbdd9f2b206c4d5320e2aade16934, 146.54185881 BSOV
0x9172ff7884cefed19327adace9c470ef1796105c, 1.63631813 BSOV
 
TX Data:  0x206ec7a100000000000000000000000026946ada5ecb57f3a1f91605050ce45c482c9eb13def258afff72971cc326c93ecf27d0552b2d21fede1db3605a576f51821fd4300000000000000000000000000000000000000000000000000000000000000800000000000000000000000000000000000000000000000000000000000000120000000000000000000000000000000000000000000000000000000000000000400000000000000000000000046c0e2deac825313868cf6d44642d382a73d0619000000000000000000000000a8b8ea4c083890833f24817b465788843148644400000000000000000000000043725bcf72bbbdd9f2b206c4d5320e2aade169340000000000000000000000009172ff7884cefed19327adace9c470ef1796105c000000000000000000000000000000000000000000000000000000000000000400000000000000000000000000000000000000000000000000000000890ed1a40000000000000000000000000000000000000000000000000000000016d6e74400000000000000000000000000000000000000000000000000000003697521990000000000000000000000000000000000000000000000000000000009c0d2c5
 
TX Options:  { nonce: '0x1d5',
  gas: '0x1a02b0',
  gasPrice: '0xb2d05e00',
  value: 0,
  to: '0x5c52ee4cde4604c4df27ca283b90f9e722e875db',
  from: '0xb3aAbF107065817FC4e5C57d2b7cE304E0FE4De7',
  data: '0x206ec7a100000000000000000000000026946ada5ecb57f3a1f91605050ce45c482c9eb13def258afff72971cc326c93ecf27d0552b2d21fede1db3605a576f51821fd4300000000000000000000000000000000000000000000000000000000000000800000000000000000000000000000000000000000000000000000000000000120000000000000000000000000000000000000000000000000000000000000000400000000000000000000000046c0e2deac825313868cf6d44642d382a73d0619000000000000000000000000a8b8ea4c083890833f24817b465788843148644400000000000000000000000043725bcf72bbbdd9f2b206c4d5320e2aade169340000000000000000000000009172ff7884cefed19327adace9c470ef1796105c000000000000000000000000000000000000000000000000000000000000000400000000000000000000000000000000000000000000000000000000890ed1a40000000000000000000000000000000000000000000000000000000016d6e74400000000000000000000000000000000000000000000000000000003697521990000000000000000000000000000000000000000000000000000000009c0d2c5' }
 
Transaction Built, Signing & Broadcasting Now
 
Payment Sent!
Tx Hash: 0xd5c673554ec6231a9b63404b8c6ed4362f056c40f307661380d098201138aae5
 
Link: https://etherscan.io/tx/0xd5c673554ec6231a9b63404b8c6ed4362f056c40f307661380d098201138aae5
Paid: 0x46c0e2deac825313868cf6d44642d382a73d0619, Value: 22.99449764 BSOV, Miner Total: 23.99802514 BSOV
Paid: 0xa8b8ea4c083890833f24817b4657888431486444, Value: 3.8318266 BSOV, Miner Total: 22.52031377 BSOV
Paid: 0x43725bcf72bbbdd9f2b206c4d5320e2aade16934, Value: 146.54185881 BSOV, Miner Total: 783.08920467 BSOV
Paid: 0x9172ff7884cefed19327adace9c470ef1796105c, Value: 1.63631813 BSOV, Miner Total: 1.63631813 BSOV
