Starting payment batch @ Tue Jul 09 2019 04:00:03 GMT+0000 (UTC)
 
Found the following miner statistics: 
 
Miner Address:                             	Earned    	Paid      	Owed
0xa8b8ea4c083890833f24817b4657888431486444	22.52031377	22.52031377	0
0xa9821d2192c5910202e33b11d5e47e7d97674391	144.40028591	144.40028591	0
0x5d25d23964d93a200315b9b50dfbab2091217c31	46.30062333	46.30062333	0
0xd009cd47e20908ebbf15d275ee87108cf726e421	192.33026931	192.33026931	0
0x9172ff7884cefed19327adace9c470ef1796105c	1.63631813	1.63631813	0
0x70b0db245239ce225d6c2193f4b2c301f4cda438	40.7249595	40.7249595	0
0x46c0e2deac825313868cf6d44642d382a73d0619	31.92649879	23.99802514	7.92847365
0xb1b4667df6a406a51fc04e4e9aa0442de3d0119c	101.92589006	0	101.92589006
0x43725bcf72bbbdd9f2b206c4d5320e2aade16934	1022.47512697	783.08920467	239.3859223
 
Creating transaction for qualifying miners.
 
Building Transaction...
Token Address:		0x26946ada5ecb57f3a1f91605050ce45c482c9eb1
From Address:		0xb3aAbF107065817FC4e5C57d2b7cE304E0FE4De7
Multisend Address:	0x5c52ee4cde4604c4df27ca283b90f9e722e875db
Payment ID:		0x9ff788fdeb947168897da13e0f36f333b24c8dcbaf92e9e03e1ca9c7c290a6e4
Nonce: 			490
Queued Payments:
0x46c0e2deac825313868cf6d44642d382a73d0619, 7.92847365 BSOV
0xb1b4667df6a406a51fc04e4e9aa0442de3d0119c, 101.92589006 BSOV
0x43725bcf72bbbdd9f2b206c4d5320e2aade16934, 239.3859223 BSOV
 
TX Data:  0x206ec7a100000000000000000000000026946ada5ecb57f3a1f91605050ce45c482c9eb19ff788fdeb947168897da13e0f36f333b24c8dcbaf92e9e03e1ca9c7c290a6e400000000000000000000000000000000000000000000000000000000000000800000000000000000000000000000000000000000000000000000000000000100000000000000000000000000000000000000000000000000000000000000000300000000000000000000000046c0e2deac825313868cf6d44642d382a73d0619000000000000000000000000b1b4667df6a406a51fc04e4e9aa0442de3d0119c00000000000000000000000043725bcf72bbbdd9f2b206c4d5320e2aade169340000000000000000000000000000000000000000000000000000000000000003000000000000000000000000000000000000000000000000000000002f41e405000000000000000000000000000000000000000000000000000000025f8690ce0000000000000000000000000000000000000000000000000000000592d9ede6
 
TX Options:  { nonce: '0x1ea',
  gas: '0x1a02b0',
  gasPrice: '0xb2d05e00',
  value: 0,
  to: '0x5c52ee4cde4604c4df27ca283b90f9e722e875db',
  from: '0xb3aAbF107065817FC4e5C57d2b7cE304E0FE4De7',
  data: '0x206ec7a100000000000000000000000026946ada5ecb57f3a1f91605050ce45c482c9eb19ff788fdeb947168897da13e0f36f333b24c8dcbaf92e9e03e1ca9c7c290a6e400000000000000000000000000000000000000000000000000000000000000800000000000000000000000000000000000000000000000000000000000000100000000000000000000000000000000000000000000000000000000000000000300000000000000000000000046c0e2deac825313868cf6d44642d382a73d0619000000000000000000000000b1b4667df6a406a51fc04e4e9aa0442de3d0119c00000000000000000000000043725bcf72bbbdd9f2b206c4d5320e2aade169340000000000000000000000000000000000000000000000000000000000000003000000000000000000000000000000000000000000000000000000002f41e405000000000000000000000000000000000000000000000000000000025f8690ce0000000000000000000000000000000000000000000000000000000592d9ede6' }
 
Transaction Built, Signing & Broadcasting Now
 
Payment Sent!
Tx Hash: 0xfcc11e84c48b61137c1e8e68970ab50f8a7ffb4df8177fa43b531eacdb160fcf
 
Link: https://etherscan.io/tx/0xfcc11e84c48b61137c1e8e68970ab50f8a7ffb4df8177fa43b531eacdb160fcf
Paid: 0x46c0e2deac825313868cf6d44642d382a73d0619, Value: 7.92847365 BSOV, Miner Total: 31.92649879 BSOV
Paid: 0xb1b4667df6a406a51fc04e4e9aa0442de3d0119c, Value: 101.92589006 BSOV, Miner Total: 101.92589006 BSOV
Paid: 0x43725bcf72bbbdd9f2b206c4d5320e2aade16934, Value: 239.3859223 BSOV, Miner Total: 1022.47512697 BSOV
