Starting payment batch @ Mon Jul 08 2019 17:32:58 GMT+0000 (UTC)
 
Found the following miner statistics: 
 
Miner Address:                             	Earned    	Paid      	Owed
0x5d25d23964d93a200315b9b50dfbab2091217c31	2573237118	0	2573237118
0xd009cd47e20908ebbf15d275ee87108cf726e421	3579760746	0	3579760746
0xa9821d2192c5910202e33b11d5e47e7d97674391	1847002133	0	1847002133
 
Creating transaction for qualifying miners.
 
Building Transaction...
Token Address:		0x26946ada5ecb57f3a1f91605050ce45c482c9eb1
From Address:		0xb3aAbF107065817FC4e5C57d2b7cE304E0FE4De7
Multisend Address:	0x5c52ee4cde4604c4df27ca283b90f9e722e875db
Payment ID:		0x2b982dff8ae3435f03533d08b09b9775f55ce12c0aa1fb19c73701c3d9232fd3
Nonce: 			410
Queued Payments:
0x5d25d23964d93a200315b9b50dfbab2091217c31, 2573237118 BSOV
0xd009cd47e20908ebbf15d275ee87108cf726e421, 3579760746 BSOV
0xa9821d2192c5910202e33b11d5e47e7d97674391, 1847002133 BSOV
 
TX Data:  0x206ec7a100000000000000000000000026946ada5ecb57f3a1f91605050ce45c482c9eb12b982dff8ae3435f03533d08b09b9775f55ce12c0aa1fb19c73701c3d9232fd30000000000000000000000000000000000000000000000000000000000000080000000000000000000000000000000000000000000000000000000000000010000000000000000000000000000000000000000000000000000000000000000030000000000000000000000005d25d23964d93a200315b9b50dfbab2091217c31000000000000000000000000d009cd47e20908ebbf15d275ee87108cf726e421000000000000000000000000a9821d2192c5910202e33b11d5e47e7d9767439100000000000000000000000000000000000000000000000000000000000000030000000000000000000000000000000000000000000000000000000099607b7e00000000000000000000000000000000000000000000000000000000d55ed06a000000000000000000000000000000000000000000000000000000006e170415
 
TX Options:  { nonce: '0x19a',
  gas: '0x1a02b0',
  gasPrice: '0xb2d05e00',
  value: 0,
  to: '0x5c52ee4cde4604c4df27ca283b90f9e722e875db',
  from: '0xb3aAbF107065817FC4e5C57d2b7cE304E0FE4De7',
  data: '0x206ec7a100000000000000000000000026946ada5ecb57f3a1f91605050ce45c482c9eb12b982dff8ae3435f03533d08b09b9775f55ce12c0aa1fb19c73701c3d9232fd30000000000000000000000000000000000000000000000000000000000000080000000000000000000000000000000000000000000000000000000000000010000000000000000000000000000000000000000000000000000000000000000030000000000000000000000005d25d23964d93a200315b9b50dfbab2091217c31000000000000000000000000d009cd47e20908ebbf15d275ee87108cf726e421000000000000000000000000a9821d2192c5910202e33b11d5e47e7d9767439100000000000000000000000000000000000000000000000000000000000000030000000000000000000000000000000000000000000000000000000099607b7e00000000000000000000000000000000000000000000000000000000d55ed06a000000000000000000000000000000000000000000000000000000006e170415' }
 
Transaction Built, Signing & Broadcasting Now
 
Payment Sent! Tx Hash: 0xce485840243ef22569f86be327c4bbebf8f73a4b35f3bf3a51b0b4f9228cd366
Paid: 0x5d25d23964d93a200315b9b50dfbab2091217c31 -- 2573237118 BSOV -- All Time: 2573237118 -- Updating Redis
Paid: 0xd009cd47e20908ebbf15d275ee87108cf726e421 -- 3579760746 BSOV -- All Time: 3579760746 -- Updating Redis
Paid: 0xa9821d2192c5910202e33b11d5e47e7d97674391 -- 1847002133 BSOV -- All Time: 1847002133 -- Updating Redis
