Starting payment batch @ Mon Jul 08 2019 17:06:04 GMT+0000 (UTC)
 
Found the following miner statistics: 
 
Miner Address:                             	Earned    	Paid      	Owed
0x5d25d23964d93a200315b9b50dfbab2091217c31	1000000000	800000000	200000000
 
Creating transaction for qualifying miners.
 
Building Transaction...
Token Address:		0x26946ada5ecb57f3a1f91605050ce45c482c9eb1
From Address:		0xb3aAbF107065817FC4e5C57d2b7cE304E0FE4De7
Multisend Address:	0x5c52ee4cde4604c4df27ca283b90f9e722e875db
Payment ID:		0xf1afd004eb7b60160e3a2446cc234b5f1a52e0d0a70403a1be2ccd3ec283cb76
Nonce: 			406
Queued Payments:
0x5d25d23964d93a200315b9b50dfbab2091217c31, 200000000 BSOV
 
TX Data:  0x206ec7a100000000000000000000000026946ada5ecb57f3a1f91605050ce45c482c9eb1f1afd004eb7b60160e3a2446cc234b5f1a52e0d0a70403a1be2ccd3ec283cb76000000000000000000000000000000000000000000000000000000000000008000000000000000000000000000000000000000000000000000000000000000c000000000000000000000000000000000000000000000000000000000000000010000000000000000000000005d25d23964d93a200315b9b50dfbab2091217c310000000000000000000000000000000000000000000000000000000000000001000000000000000000000000000000000000000000000000000000000bebc200
 
TX Options:  { nonce: '0x196',
  gas: '0x1a02b0',
  gasPrice: '0xb2d05e00',
  value: 0,
  to: '0x5c52ee4cde4604c4df27ca283b90f9e722e875db',
  from: '0xb3aAbF107065817FC4e5C57d2b7cE304E0FE4De7',
  data: '0x206ec7a100000000000000000000000026946ada5ecb57f3a1f91605050ce45c482c9eb1f1afd004eb7b60160e3a2446cc234b5f1a52e0d0a70403a1be2ccd3ec283cb76000000000000000000000000000000000000000000000000000000000000008000000000000000000000000000000000000000000000000000000000000000c000000000000000000000000000000000000000000000000000000000000000010000000000000000000000005d25d23964d93a200315b9b50dfbab2091217c310000000000000000000000000000000000000000000000000000000000000001000000000000000000000000000000000000000000000000000000000bebc200' }
 
Transaction Built, Signing & Broadcasting Now
 
Payment Sent! Tx Hash: 0xe5cbb6259410ed334e74006ab7171755de8f2d15172c8b3baef2c0fc9e167de1
Paid: 0x5d25d23964d93a200315b9b50dfbab2091217c31 -- 200000000 BSOV -- All Time: 1000000000 -- Updating Redis
