Starting payment batch @ Mon Jul 08 2019 21:00:03 GMT+0000 (UTC)
 
Found the following miner statistics: 
 
Miner Address:                             	Earned    	Paid      	Owed
0x70b0db245239ce225d6c2193f4b2c301f4cda438	4072495950	575132204	3497363746
0xa8b8ea4c083890833f24817b4657888431486444	109671060	0	109671060
0x43725bcf72bbbdd9f2b206c4d5320e2aade16934	13503499422	0	13503499422
0xa9821d2192c5910202e33b11d5e47e7d97674391	14440028591	11552650933	2887377658
0x5d25d23964d93a200315b9b50dfbab2091217c31	4630062333	4630062333	0
0xd009cd47e20908ebbf15d275ee87108cf726e421	19233026931	19233026931	0
 
Creating transaction for qualifying miners.
 
Building Transaction...
Token Address:		0x26946ada5ecb57f3a1f91605050ce45c482c9eb1
From Address:		0xb3aAbF107065817FC4e5C57d2b7cE304E0FE4De7
Multisend Address:	0x5c52ee4cde4604c4df27ca283b90f9e722e875db
Payment ID:		0x16c898e35175ba92381879599fd1272df10ed7978b43e47e90ba5db58d533c31
Nonce: 			431
Queued Payments:
0x70b0db245239ce225d6c2193f4b2c301f4cda438, 3497363746 BSOV
0xa8b8ea4c083890833f24817b4657888431486444, 109671060 BSOV
0x43725bcf72bbbdd9f2b206c4d5320e2aade16934, 13503499422 BSOV
0xa9821d2192c5910202e33b11d5e47e7d97674391, 2887377658 BSOV
 
TX Data:  0x206ec7a100000000000000000000000026946ada5ecb57f3a1f91605050ce45c482c9eb116c898e35175ba92381879599fd1272df10ed7978b43e47e90ba5db58d533c3100000000000000000000000000000000000000000000000000000000000000800000000000000000000000000000000000000000000000000000000000000120000000000000000000000000000000000000000000000000000000000000000400000000000000000000000070b0db245239ce225d6c2193f4b2c301f4cda438000000000000000000000000a8b8ea4c083890833f24817b465788843148644400000000000000000000000043725bcf72bbbdd9f2b206c4d5320e2aade16934000000000000000000000000a9821d2192c5910202e33b11d5e47e7d97674391000000000000000000000000000000000000000000000000000000000000000400000000000000000000000000000000000000000000000000000000d075892200000000000000000000000000000000000000000000000000000000068972940000000000000000000000000000000000000000000000000000000324df0c9e00000000000000000000000000000000000000000000000000000000ac19e2fa
 
TX Options:  { nonce: '0x1af',
  gas: '0x1a02b0',
  gasPrice: '0xb2d05e00',
  value: 0,
  to: '0x5c52ee4cde4604c4df27ca283b90f9e722e875db',
  from: '0xb3aAbF107065817FC4e5C57d2b7cE304E0FE4De7',
  data: '0x206ec7a100000000000000000000000026946ada5ecb57f3a1f91605050ce45c482c9eb116c898e35175ba92381879599fd1272df10ed7978b43e47e90ba5db58d533c3100000000000000000000000000000000000000000000000000000000000000800000000000000000000000000000000000000000000000000000000000000120000000000000000000000000000000000000000000000000000000000000000400000000000000000000000070b0db245239ce225d6c2193f4b2c301f4cda438000000000000000000000000a8b8ea4c083890833f24817b465788843148644400000000000000000000000043725bcf72bbbdd9f2b206c4d5320e2aade16934000000000000000000000000a9821d2192c5910202e33b11d5e47e7d97674391000000000000000000000000000000000000000000000000000000000000000400000000000000000000000000000000000000000000000000000000d075892200000000000000000000000000000000000000000000000000000000068972940000000000000000000000000000000000000000000000000000000324df0c9e00000000000000000000000000000000000000000000000000000000ac19e2fa' }
 
Transaction Built, Signing & Broadcasting Now
 
Payment Sent! Tx Hash: 0xde83d92fc64034304594f11096e0dbaf6179887d68641c1a383c258ff98e4787
Paid: 0x70b0db245239ce225d6c2193f4b2c301f4cda438 -- 3497363746 BSOV -- All Time: 4072495950 -- Updating Redis
Paid: 0xa8b8ea4c083890833f24817b4657888431486444 -- 109671060 BSOV -- All Time: 109671060 -- Updating Redis
Paid: 0x43725bcf72bbbdd9f2b206c4d5320e2aade16934 -- 13503499422 BSOV -- All Time: 13503499422 -- Updating Redis
Paid: 0xa9821d2192c5910202e33b11d5e47e7d97674391 -- 2887377658 BSOV -- All Time: 14440028591 -- Updating Redis
