Starting payment batch @ Mon Jul 08 2019 21:20:03 GMT+0000 (UTC)
 
Found the following miner statistics: 
 
Miner Address:                             	Earned    	Paid      	Owed
0x70b0db245239ce225d6c2193f4b2c301f4cda438	4072495950	4072495950	0
0xa8b8ea4c083890833f24817b4657888431486444	109671060	109671060	0
0x43725bcf72bbbdd9f2b206c4d5320e2aade16934	33503499422	13503499422	20000000000
0xa9821d2192c5910202e33b11d5e47e7d97674391	14440028591	14440028591	0
0x5d25d23964d93a200315b9b50dfbab2091217c31	4630062333	4630062333	0
0xd009cd47e20908ebbf15d275ee87108cf726e421	19233026931	19233026931	0
 
Creating transaction for qualifying miners.
 
Building Transaction...
Token Address:		0x26946ada5ecb57f3a1f91605050ce45c482c9eb1
From Address:		0xb3aAbF107065817FC4e5C57d2b7cE304E0FE4De7
Multisend Address:	0x5c52ee4cde4604c4df27ca283b90f9e722e875db
Payment ID:		0x988ef8e0bc390eadc5dfbdf0030b77a772192fcca4992246ce7cf235482fd160
Nonce: 			438
Queued Payments:
0x43725bcf72bbbdd9f2b206c4d5320e2aade16934, 200 BSOV
 
TX Data:  0x206ec7a100000000000000000000000026946ada5ecb57f3a1f91605050ce45c482c9eb1988ef8e0bc390eadc5dfbdf0030b77a772192fcca4992246ce7cf235482fd160000000000000000000000000000000000000000000000000000000000000008000000000000000000000000000000000000000000000000000000000000000c0000000000000000000000000000000000000000000000000000000000000000100000000000000000000000043725bcf72bbbdd9f2b206c4d5320e2aade16934000000000000000000000000000000000000000000000000000000000000000100000000000000000000000000000000000000000000000000000004a817c800
 
TX Options:  { nonce: '0x1b6',
  gas: '0x1a02b0',
  gasPrice: '0xb2d05e00',
  value: 0,
  to: '0x5c52ee4cde4604c4df27ca283b90f9e722e875db',
  from: '0xb3aAbF107065817FC4e5C57d2b7cE304E0FE4De7',
  data: '0x206ec7a100000000000000000000000026946ada5ecb57f3a1f91605050ce45c482c9eb1988ef8e0bc390eadc5dfbdf0030b77a772192fcca4992246ce7cf235482fd160000000000000000000000000000000000000000000000000000000000000008000000000000000000000000000000000000000000000000000000000000000c0000000000000000000000000000000000000000000000000000000000000000100000000000000000000000043725bcf72bbbdd9f2b206c4d5320e2aade16934000000000000000000000000000000000000000000000000000000000000000100000000000000000000000000000000000000000000000000000004a817c800' }
 
Transaction Built, Signing & Broadcasting Now
 
Payment Sent!
Tx Hash: 0x93bb13856eb8bcb1e50fa0ca549ab998590fe7da11a233e3c10ec85ce43eeb7e
 
Link: https://etherscan.io/tx/0x93bb13856eb8bcb1e50fa0ca549ab998590fe7da11a233e3c10ec85ce43eeb7e
Paid: 0x43725bcf72bbbdd9f2b206c4d5320e2aade16934, Value: 200 BSOV, Miner Total: 335.03499422 BSOV
