Starting payment batch @ Sun Jul 21 2019 16:00:02 GMT+0000 (UTC)
 
Found the following miner statistics: 
 
Miner Address:                             	Earned    	Paid      	Owed
0x70b0db245239ce225d6c2193f4b2c301f4cda438	437.00919483	401.49819749	35.51099734
0xdf4f2177fecc2cfaf3cedfd6abed283d137b4174	6476.97121467	6340.29082863	136.68038604
0x0a398866fa148b6e54a0d49f1d1df8327bdc7a82	2984.55459983	2299.40731845	685.14728138
0x972f76445cfdaac66e507ffbeea2eeef22a1fef7	7368.36855045	7123.49946239	244.86908806
0xb13069ab678acfa47627884b87bd891460cfba2e	73.01292539	73.01292539	0
0x2470a9825513862eeb505100da8a8fa6e3c5d1b4	677.31532033	667.10870637	10.20661396
0xd1ab10ea23535fb2a5c5395278634ff66caeb0c8	54.70302364	54.70302364	0
0x2a5e723fc2832c74c38b11e3a30532daff0f8a6c	27.97915595	2.39782487	25.58133108
0xa804e933301aa2c919d3a9834082cddda877c205	357.59805289	349.64919472	7.94885817
0x6dfb9a3087166639a43ac8e971bd45432d30111b	752.8327397	752.8327397	0
0xb80fa7fee4bd60a03d36b86625b6c18641188c63	1173.52891011	1173.52891011	0
0xd8048483c6560cd5d018408a7689a995b65e7bda	291.75045357	291.75045357	0
0x592751092204ac062ce3af4e12c1cc761202fdbb	1338.77168347	1290.20446965	48.56721382
0xa98d36a1f70982e76812590fdaac9562591e71c8	5107.11150461	4850.66002615	256.45147846
0x8e7a2784ed5e136b42b3855728734dc3429de0be	0	0	0
0x32db09b76d467c630fe495638b0d3496f7651b46	576.87530267	576.87530267	0
0xf422c6910c86f5964d6764b44ec582d03904d984	8457.19847638	8457.19847638	0
0x33a35f2b27a828bef7c9363011e4d016ee08246d	6682.63880057	6682.63880057	0
0x51297d2898bd4032ef391b75cc8aebdf9a59667f	406.84376274	395.09833977	11.74542297
0x254335c3171da9c5795ee5745657be8df20b6480	93.99862996	93.99862996	0
0x9172ff7884cefed19327adace9c470ef1796105c	515.42343659	488.85992317	26.56351342
0xd57e96ff45b809895969091159adafd010b71aaa	342.54987948	342.54987948	0
0x7c4aadec857e13e4a5642b4041a2f36274ffe8ce	3082.01559009	3072.83571645	9.17987364
0x640628edeb5b98584580640d102ea10edb217e5e	4.16694673	4.16694673	0
0x43725bcf72bbbdd9f2b206c4d5320e2aade16934	13960.87742915	13918.70199335	42.1754358
0x6e0ea3db88b9c1c72cda80b1bead95cb84deebc0	1973.98174823	1933.1024734	40.87927483
0x0a4ba370ac547bd94918fbe155c0b11ed88523bd	970.45100928	954.82782619	15.62318309
0xdb58ea79cd41245fd76a2e19b9da2d5c72520eba	5411.451247	5411.451247	0
0xa8b8ea4c083890833f24817b4657888431486444	1716.77787935	1694.92885745	21.8490219
0x5bf4559bb1dfb5722552a4a84557d60eca62edd5	6853.62316355	6853.62316355	0
0x5988f3bf83773701d105854bb3735e05d082832e	543.00373127	508.36841044	34.63532083
0xcf7c5184a73c0774b1c6309e643dbe3d1ef57987	2016.06732656	1802.15702418	213.91030238
0xe3ae78a5c36799f0da33146ceacaf70ed26ce648	770.83594565	770.83594565	0
0x190d2957a18643ab372f8a55cce7d55ced122dd7	5603.78305546	5603.78305546	0
0xb1b4667df6a406a51fc04e4e9aa0442de3d0119c	8890.07572176	8613.67898592	276.39673584
0x9ec84ca69913842cabe8d238a0b71e921de2f2bd	10112.13032237	9771.68403617	340.4462862
0x083b127dd335f62e04ef636bd2e6f21c1bd8e418	108.52621732	108.52621732	0
0x1dc969f7efe6a27683b654a9cd9161781534b112	0	0	0
0xdac8f49c98726c70c68a854ff01ccf47f338ee21	3177.57588508	3177.57588508	0
0x02305b3b32f165409af9479d617e96fc6546ddd9	401.39858891	365.21103865	36.18755026
0xfc757f33b7b7b847e783502283193261da0bf381	0	0	0
0x898352a5d965b57ecea6dd0214a2c750dce87b65	1877.47492239	1877.47492239	0
0xeafdaae9156549b9112eec8ed2d2906d121f70fa	1198.76512726	1161.60273022	37.16239704
0xcb0c1fdc07d7f691fb4e359957a5a2887b482374	157.75779683	157.75779683	0
0xe4794b13d97c73463e1583e7bf0f544b6b228f82	665.63725835	632.32740151	33.30985684
0x21be53ce78ad31a349770d6a7537cae1212114a2	4936.36018995	4936.36018995	0
0xaa21cfdc71fbbe996f7457e18ed7f353e1ef8475	6528.18363905	6528.18363905	0
0x9440bb53220c5264244b8d02d8df897d4290446e	5981.16126154	4386.1009622	1595.06029934
0xa9821d2192c5910202e33b11d5e47e7d97674391	30.1470052	30.1470052	0
0x3372273a0cba1362d725136253be696921c674ae	133.62433666	133.62433666	0
0xc428a5eec605fda02af8083ad1928b669b81957c	44.60765106	44.60765106	0
0x3c7002518c014cbf9a219b525c60448b7cadaece	3857.09720598	3857.09720598	0
0xb2e777e2e61aa0a47efc410f117e18abfb3d84a2	2109.14467181	1986.1661499	122.97852191
0x65521c8560a2310bd616528f8ed4624995053e74	6735.89078676	6735.89078676	0
0x94198841bbbf1e5745fbbd950d510d6263aee9c1	582.58359805	582.58359805	0
0x39906944b7732a986699f290d2dddc34ffdcbb30	1810.08293683	1766.86747436	43.21546247
0x31ba50a6ab701884f4570526c22b1eab31c325d1	220.44640828	220.44640828	0
0xe433c23df7e88a31a06f337a29ce733a2e11d863	839.17975074	793.64788321	45.53186753
0x195940d8cba84dc0e04e22222bcd3a826d26b2d9	59.43641254	59.43641254	0
0x6c56fa3df15115408f8fd0f7fd1a051c5e397874	5571.7617249	5571.7617249	0
0x26e7709c399f866fc4f1cc8a86120511566616a6	5600.45180441	5383.28396411	217.1678403
 
Creating transaction for qualifying miners.
 
Building Transaction...
Token Address:		0x26946ada5ecb57f3a1f91605050ce45c482c9eb1
From Address:		0xde0d47fA92b4d616B100f5Dd027FC91704b24B73
Multisend Address:	0x7c5b6a029627BBB251710b8b6e86F606b5aA7D81
Payment ID:		0x3e905b478633d396577b54fbfdd7e4e51aedc6c46bf1bd682184d4c60f7f1640
Error: Returned error: rejected due to project ID settings
    at Object.ErrorResponse (/home/ubuntu/bsov/pool/node_modules/web3-core-helpers/src/errors.js:29:16)
    at /home/ubuntu/bsov/pool/node_modules/web3-core-requestmanager/src/index.js:137:36
    at XMLHttpRequest.request.onreadystatechange (/home/ubuntu/bsov/pool/node_modules/web3-providers-http/src/index.js:77:13)
    at XMLHttpRequestEventTarget.dispatchEvent (/home/ubuntu/bsov/pool/node_modules/xhr2/lib/xhr2.js:64:18)
    at XMLHttpRequest._setReadyState (/home/ubuntu/bsov/pool/node_modules/xhr2/lib/xhr2.js:354:12)
    at XMLHttpRequest._onHttpResponseEnd (/home/ubuntu/bsov/pool/node_modules/xhr2/lib/xhr2.js:509:12)
    at IncomingMessage.<anonymous> (/home/ubuntu/bsov/pool/node_modules/xhr2/lib/xhr2.js:469:24)
    at emitNone (events.js:111:20)
    at IncomingMessage.emit (events.js:208:7)
    at endReadableNT (_stream_readable.js:1064:12)
    at _combinedTickCallback (internal/process/next_tick.js:138:11)
    at process._tickCallback (internal/process/next_tick.js:180:9)
